<?xml version="1.0" encoding="UTF-8"?>
<!-- Generated by org.testng.reporters.JUnitReportReporter -->
<testsuite hostname="DESKTOP-PQP65UQ" failures="0" tests="4" name="com.TestPackage.TestNgMavenExampleTest" time="5.276" errors="0" timestamp="12 May 2019 05:57:06 GMT">
  <testcase classname="com.TestPackage.TestNgMavenExampleTest" name="validateName" time="0.071"/>
  <testcase classname="com.TestPackage.TestNgMavenExampleTest" name="validateDescription" time="0.004"/>
  <testcase classname="com.TestPackage.TestNgMavenExampleTest" name="validateResponseCode" time="5.196"/>
  <testcase classname="com.TestPackage.TestNgMavenExampleTest" name="validateCanRelist" time="0.005"/>
</testsuite> <!-- com.TestPackage.TestNgMavenExampleTest -->
